<?xml version="1.0" encoding="utf-8" standalone="no"?>
<!--This file represents the results of running a test suite-->
<test-results name="C:\Users\Peter\My Code\bc\git\bc-csharp\crypto\testcfg.nunit" total="703" errors="0" failures="0" not-run="0" inconclusive="0" ignored="0" skipped="0" invalid="0" date="2015-03-09" time="21:14:56">
  <environment nunit-version="2.6.2.12296" clr-version="2.0.50727.5485" os-version="Microsoft Windows NT 6.1.7601 Service Pack 1" platform="Win32NT" cwd="C:\Users\Peter\My Code\bc\git\bc-csharp\crypto" machine-name="CERAMIC" user="Peter" user-domain="Ceramic" />
  <culture-info current-culture="en-AU" current-uiculture="en-US" />
  <test-suite type="Project" name="C:\Users\Peter\My Code\bc\git\bc-csharp\crypto\testcfg.nunit" executed="True" result="Success" success="True" time="528.916" asserts="0">
    <results>
      <test-suite type="Assembly" name="C:\Users\Peter\My Code\bc\git\bc-csharp\crypto\./test/bin/BCTest.dll" executed="True" result="Success" success="True" time="528.899" asserts="0">
        <results>
          <test-suite type="Namespace" name="Org" executed="True" result="Success" success="True" time="528.899" asserts="0">
            <results>
              <test-suite type="Namespace" name="BouncyCastle" executed="True" result="Success" success="True" time="528.899" asserts="0">
                <results>
                  <test-suite type="Namespace" name="Asn1" executed="True" result="Success" success="True" time="0.849" asserts="0">
                    <results>
                      <test-suite type="Namespace" name="Tests" executed="True" result="Success" success="True" time="0.849" asserts="0">
                        <results>
                          <test-suite type="TestFixture" name="AdditionalInformationSyntaxUnitTest" executed="True" result="Success" success="True" time="0.060" asserts="0">
                            <results>
                              <test-case name="Org.BouncyCastle.Asn1.Tests.AdditionalInformationSyntaxUnitTest.TestFunction" executed="True" result="Success" success="True" time="0.047" asserts="1" />
                            </results>
                          </test-suite>
                          <test-suite type="TestFixture" name="AdmissionsUnitTest" executed="True" result="Success" success="True" time="0.062" asserts="0">
                            <results>
                              <test-case name="Org.BouncyCastle.Asn1.Tests.AdmissionsUnitTest.TestFunction" executed="True" result="Success" success="True" time="0.062" asserts="1" />
                            </results>
                          </test-suite>
                          <test-suite type="TestFixture" name="AdmissionSyntaxUnitTest" executed="True" result="Success" success="True" time="0.005" asserts="0">
                            <results>
                              <test-case name="Org.BouncyCastle.Asn1.Tests.AdmissionSyntaxUnitTest.TestFunction" executed="True" result="Success" success="True" time="0.005" asserts="1" />
                            </results>
                          </test-suite>
                          <test-suite type="TestFixture" name="Asn1SequenceParserTest" executed="True" result="Success" success="True" time="0.060" asserts="0">
                            <results>
                              <test-case name="Org.BouncyCastle.Asn1.Tests.Asn1SequenceParserTest.TestBerExplicitTaggedSequenceWriting" executed="True" result="Success" success="True" time="0.018" asserts="1" />
                              <test-case name="Org.BouncyCastle.Asn1.Tests.Asn1SequenceParserTest.TestBerReading" executed="True" result="Success" success="True" time="0.015" asserts="4" />
                              <test-case name="Org.BouncyCastle.Asn1.Tests.Asn1SequenceParserTest.TestBerWriting" executed="True" result="Success" success="True" time="0.001" asserts="1" />
                              <test-case name="Org.BouncyCastle.Asn1.Tests.Asn1SequenceParserTest.TestDerExplicitTaggedSequenceWriting" executed="True" result="Success" success="True" time="0.003" asserts="1" />
                              <test-case name="Org.BouncyCastle.Asn1.Tests.Asn1SequenceParserTest.TestDerImplicitTaggedSequenceWriting" executed="True" result="Success" success="True" time="0.001" asserts="1" />
                              <test-case name="Org.BouncyCastle.Asn1.Tests.Asn1SequenceParserTest.TestDerReading" executed="True" result="Success" success="True" time="0.001" asserts="4" />
                              <test-case name="Org.BouncyCastle.Asn1.Tests.Asn1SequenceParserTest.TestDerWriting" executed="True" result="Success" success="True" time="0.001" asserts="1" />
                              <test-case name="Org.BouncyCastle.Asn1.Tests.Asn1SequenceParserTest.TestNestedBerDerReading" executed="True" result="Success" success="True" time="0.001" asserts="5" />
                              <test-case name="Org.BouncyCastle.Asn1.Tests.Asn1SequenceParserTest.TestNestedBerDerWriting" executed="True" result="Success" success="True" time="0.001" asserts="1" />
                              <test-case name="Org.BouncyCastle.Asn1.Tests.Asn1SequenceParserTest.TestNestedBerReading" executed="True" result="Success" success="True" time="0.001" asserts="5" />
                              <test-case name="Org.BouncyCastle.Asn1.Tests.Asn1SequenceParserTest.TestNestedBerWriting" executed="True" result="Success" success="True" time="0.001" asserts="1" />
                              <test-case name="Org.BouncyCastle.Asn1.Tests.Asn1SequenceParserTest.TestNestedDerReading" executed="True" result="Success" success="True" time="0.001" asserts="5" />
                              <test-case name="Org.BouncyCastle.Asn1.Tests.Asn1SequenceParserTest.TestNestedDerWriting" executed="True" result="Success" success="True" time="0.001" asserts="1" />
                              <test-case name="Org.BouncyCastle.Asn1.Tests.Asn1SequenceParserTest.TestNestedExplicitTagDerWriting" executed="True" result="Success" success="True" time="0.001" asserts="1" />
                              <test-case name="Org.BouncyCastle.Asn1.Tests.Asn1SequenceParserTest.TestNestedImplicitTagDerWriting" executed="True" result="Success" success="True" time="0.001" asserts="1" />
                              <test-case name="Org.BouncyCastle.Asn1.Tests.Asn1SequenceParserTest.TestSequenceWithDerNullReading" executed="True" result="Success" success="True" time="0.001" asserts="5" />
                            </results>
                          </test-suite>
                          <test-suite type="TestFixture" name="AttributeTableUnitTest" executed="True" result="Success" success="True" time="0.009" asserts="0">
                            <results>
                              <test-case name="Org.BouncyCastle.Asn1.Tests.AttributeTableUnitTest.TestFunction" executed="True" result="Success" success="True" time="0.008" asserts="1" />
                            </results>
                          </test-suite>
                          <test-suite type="TestFixture" name="BiometricDataUnitTest" executed="True" result="Success" success="True" time="0.013" asserts="0">
                            <results>
                              <test-case name="Org.BouncyCastle.Asn1.Tests.BiometricDataUnitTest.TestFunction" executed="True" result="Success" success="True" time="0.012" asserts="1" />
                            </results>
                          </test-suite>
                          <test-suite type="TestFixture" name="BitStringTest" executed="True" result="Success" success="True" time="0.005" asserts="0">
                            <results>
                              <test-case name="Org.BouncyCastle.Asn1.Tests.BitStringTest.TestFunction" executed="True" result="Success" success="True" time="0.005" asserts="1" />
                            </results>
                          </test-suite>
                          <test-suite type="TestFixture" name="CertHashUnitTest" executed="True" result="Success" success="True" time="0.005" asserts="0">
                            <results>
                              <test-case name="Org.BouncyCastle.Asn1.Tests.CertHashUnitTest.TestFunction" executed="True" result="Success" success="True" time="0.004" asserts="1" />
                            </results>
                          </test-suite>
                          <test-suite type="TestFixture" name="CertificateTest" executed="True" result="Success" success="True" time="0.058" asserts="0">
                            <results>
                              <test-case name="Org.BouncyCastle.Asn1.Tests.CertificateTest.TestFunction" executed="True" result="Success" success="True" time="0.057" asserts="1" />
                            </results>
                          </test-suite>
                          <test-suite type="TestFixture" name="CmsTest" executed="True" result="Success" success="True" time="0.050" asserts="0">
                            <results>
                              <test-case name="Org.BouncyCastle.Asn1.Tests.CmsTest.TestFunction" executed="True" result="Success" success="True" time="0.049" asserts="1" />
                            </results>
                          </test-suite>
                          <test-suite type="TestFixture" name="CommitmentTypeIndicationUnitTest" executed="True" result="Success" success="True" time="0.005" asserts="0">
                            <results>
                              <test-case name="Org.BouncyCastle.Asn1.Tests.CommitmentTypeIndicationUnitTest.TestFunction" executed="True" result="Success" success="True" time="0.004" asserts="1" />
                            </results>
                          </test-suite>
                          <test-suite type="TestFixture" name="CommitmentTypeQualifierUnitTest" executed="True" result="Success" success="True" time="0.005" asserts="0">
                            <results>
                              <test-case name="Org.BouncyCastle.Asn1.Tests.CommitmentTypeQualifierUnitTest.TestFunction" executed="True" result="Success" success="True" time="0.005" asserts="1" />
                            </results>
                          </test-suite>
                          <test-suite type="TestFixture" name="ContentHintsUnitTest" executed="True" result="Success" success="True" time="0.005" asserts="0">
                            <results>
                              <test-case name="Org.BouncyCastle.Asn1.Tests.ContentHintsUnitTest.TestFunction" executed="True" result="Success" success="True" time="0.004" asserts="1" />
                            </results>
                          </test-suite>
                          <test-suite type="TestFixture" name="CscaMasterListTest" executed="True" result="Success" success="True" time="0.006" asserts="0">
                            <results>
                              <test-case name="Org.BouncyCastle.Asn1.Tests.CscaMasterListTest.TestFunction" executed="True" result="Success" success="True" time="0.005" asserts="1" />
                            </results>
                          </test-suite>
                          <test-suite type="TestFixture" name="DataGroupHashUnitTest" executed="True" result="Success" success="True" time="0.004" asserts="0">
                            <results>
                              <test-case name="Org.BouncyCastle.Asn1.Tests.DataGroupHashUnitTest.TestFunction" executed="True" result="Success" success="True" time="0.004" asserts="1" />
                            </results>
                          </test-suite>
                          <test-suite type="TestFixture" name="DeclarationOfMajorityUnitTest" executed="True" result="Success" success="True" time="0.007" asserts="0">
                            <results>
                              <test-case name="Org.BouncyCastle.Asn1.Tests.DeclarationOfMajorityUnitTest.TestFunction" executed="True" result="Success" success="True" time="0.007" asserts="1" />
                            </results>
                          </test-suite>
                          <test-suite type="TestFixture" name="DerApplicationSpecificTest" executed="True" result="Success" success="True" time="0.005" asserts="0">
                            <results>
                              <test-case name="Org.BouncyCastle.Asn1.Tests.DerApplicationSpecificTest.TestFunction" executed="True" result="Success" success="True" time="0.003" asserts="1" />
                            </results>
                          </test-suite>
                          <test-suite type="TestFixture" name="DerUtf8StringTest" executed="True" result="Success" success="True" time="0.003" asserts="0">
                            <results>
                              <test-case name="Org.BouncyCastle.Asn1.Tests.DerUtf8StringTest.TestFunction" executed="True" result="Success" success="True" time="0.002" asserts="1" />
                            </results>
                          </test-suite>
                          <test-suite type="TestFixture" name="EncryptedPrivateKeyInfoTest" executed="True" result="Success" success="True" time="0.005" asserts="0">
                            <results>
                              <test-case name="Org.BouncyCastle.Asn1.Tests.EncryptedPrivateKeyInfoTest.TestFunction" executed="True" result="Success" success="True" time="0.004" asserts="1" />
                            </results>
                          </test-suite>
                          <test-suite type="TestFixture" name="EnumeratedTest" executed="True" result="Success" success="True" time="0.006" asserts="0">
                            <results>
                              <test-case name="Org.BouncyCastle.Asn1.Tests.EnumeratedTest.TestReadingMultipleDoubleByteItems" executed="True" result="Success" success="True" time="0.002" asserts="6" />
                              <test-case name="Org.BouncyCastle.Asn1.Tests.EnumeratedTest.TestReadingMultipleSingleByteItems" executed="True" result="Success" success="True" time="0.001" asserts="6" />
                              <test-case name="Org.BouncyCastle.Asn1.Tests.EnumeratedTest.TestReadingMultipleTripleByteItems" executed="True" result="Success" success="True" time="0.001" asserts="6" />
                            </results>
                          </test-suite>
                          <test-suite type="TestFixture" name="EqualsAndHashCodeTest" executed="True" result="Success" success="True" time="0.019" asserts="0">
                            <results>
                              <test-case name="Org.BouncyCastle.Asn1.Tests.EqualsAndHashCodeTest.TestFunction" executed="True" result="Success" success="True" time="0.018" asserts="1" />
                            </results>
                          </test-suite>
                          <test-suite type="TestFixture" name="EssCertIDv2UnitTest" executed="True" result="Success" success="True" time="0.005" asserts="0">
                            <results>
                              <test-case name="Org.BouncyCastle.Asn1.Tests.EssCertIDv2UnitTest.TestFunction" executed="True" result="Success" success="True" time="0.005" asserts="1" />
                            </results>
                          </test-suite>
                          <test-suite type="TestFixture" name="GeneralizedTimeTest" executed="True" result="Success" success="True" time="0.007" asserts="0">
                            <results>
                              <test-case name="Org.BouncyCastle.Asn1.Tests.GeneralizedTimeTest.TestFunction" executed="True" result="Success" success="True" time="0.005" asserts="1" />
                            </results>
                          </test-suite>
                          <test-suite type="TestFixture" name="GeneralNameTest" executed="True" result="Success" success="True" time="0.011" asserts="0">
                            <results>
                              <test-case name="Org.BouncyCastle.Asn1.Tests.GeneralNameTest.TestFunction" executed="True" result="Success" success="True" time="0.010" asserts="1" />
                            </results>
                          </test-suite>
                          <test-suite type="TestFixture" name="GenerationTest" executed="True" result="Success" success="True" time="0.037" asserts="0">
                            <results>
                              <test-case name="Org.BouncyCastle.Asn1.Tests.GenerationTest.TestFunction" executed="True" result="Success" success="True" time="0.035" asserts="1" />
                            </results>
                          </test-suite>
                          <test-suite type="TestFixture" name="InputStreamTest" executed="True" result="Success" success="True" time="0.003" asserts="0">
                            <results>
                              <test-case name="Org.BouncyCastle.Asn1.Tests.InputStreamTest.TestFunction" executed="True" result="Success" success="True" time="0.002" asserts="1" />
                            </results>
                          </test-suite>
                          <test-suite type="TestFixture" name="Iso4217CurrencyCodeUnitTest" executed="True" result="Success" success="True" time="0.006" asserts="0">
                            <results>
                              <test-case name="Org.BouncyCastle.Asn1.Tests.Iso4217CurrencyCodeUnitTest.TestFunction" executed="True" result="Success" success="True" time="0.005" asserts="1" />
                            </results>
                          </test-suite>
                          <test-suite type="TestFixture" name="IssuingDistributionPointUnitTest" executed="True" result="Success" success="True" time="0.006" asserts="0">
                            <results>
                              <test-case name="Org.BouncyCastle.Asn1.Tests.IssuingDistributionPointUnitTest.TestFunction" executed="True" result="Success" success="True" time="0.005" asserts="1" />
                            </results>
                          </test-suite>
                          <test-suite type="TestFixture" name="KeyUsageTest" executed="True" result="Success" success="True" time="0.002" asserts="0">
                            <results>
                              <test-case name="Org.BouncyCastle.Asn1.Tests.KeyUsageTest.TestFunction" executed="True" result="Success" success="True" time="0.002" asserts="1" />
                            </results>
                          </test-suite>
                          <test-suite type="TestFixture" name="LDSSecurityObjectUnitTest" executed="True" result="Success" success="True" time="0.010" asserts="0">
                            <results>
                              <test-case name="Org.BouncyCastle.Asn1.Tests.LDSSecurityObjectUnitTest.TestFunction" executed="True" result="Success" success="True" time="0.009" asserts="1" />
                            </results>
                          </test-suite>
                          <test-suite type="TestFixture" name="MiscTest" executed="True" result="Success" success="True" time="0.005" asserts="0">
                            <results>
                              <test-case name="Org.BouncyCastle.Asn1.Tests.MiscTest.TestFunction" executed="True" result="Success" success="True" time="0.004" asserts="1" />
                            </results>
                          </test-suite>
                          <test-suite type="TestFixture" name="MonetaryLimitUnitTest" executed="True" result="Success" success="True" time="0.005" asserts="0">
                            <results>
                              <test-case name="Org.BouncyCastle.Asn1.Tests.MonetaryLimitUnitTest.TestFunction" executed="True" result="Success" success="True" time="0.004" asserts="1" />
                            </results>
                          </test-suite>
                          <test-suite type="TestFixture" name="MonetaryValueUnitTest" executed="True" result="Success" success="True" time="0.004" asserts="0">
                            <results>
                              <test-case name="Org.BouncyCastle.Asn1.Tests.MonetaryValueUnitTest.TestFunction" executed="True" result="Success" success="True" time="0.004" asserts="1" />
                            </results>
                          </test-suite>
                          <test-suite type="TestFixture" name="NameOrPseudonymUnitTest" executed="True" result="Success" success="True" time="0.005" asserts="0">
                            <results>
                              <test-case name="Org.BouncyCastle.Asn1.Tests.NameOrPseudonymUnitTest.TestFunction" executed="True" result="Success" success="True" time="0.005" asserts="1" />
                            </results>
                          </test-suite>
                          <test-suite type="TestFixture" name="NamingAuthorityUnitTest" executed="True" result="Success" success="True" time="0.003" asserts="0">
                            <results>
                              <test-case name="Org.BouncyCastle.Asn1.Tests.NamingAuthorityUnitTest.TestFunction" executed="True" result="Success" success="True" time="0.003" asserts="1" />
                            </results>
                          </test-suite>
                          <test-suite type="TestFixture" name="NetscapeCertTypeTest" executed="True" result="Success" success="True" time="0.002" asserts="0">
                            <results>
                              <test-case name="Org.BouncyCastle.Asn1.Tests.NetscapeCertTypeTest.TestFunction" executed="True" result="Success" success="True" time="0.001" asserts="1" />
                            </results>
                          </test-suite>
                          <test-suite type="TestFixture" name="OcspTest" executed="True" result="Success" success="True" time="0.016" asserts="0">
                            <results>
                              <test-case name="Org.BouncyCastle.Asn1.Tests.OcspTest.TestFunction" executed="True" result="Success" success="True" time="0.015" asserts="1" />
                            </results>
                          </test-suite>
                          <test-suite type="TestFixture" name="OctetStringTest" executed="True" result="Success" success="True" time="0.011" asserts="0">
                            <results>
                              <test-case name="Org.BouncyCastle.Asn1.Tests.OctetStringTest.TestNestedStructure" executed="True" result="Success" success="True" time="0.006" asserts="1" />
                              <test-case name="Org.BouncyCastle.Asn1.Tests.OctetStringTest.TestReadingWriting" executed="True" result="Success" success="True" time="0.001" asserts="1" />
                              <test-case name="Org.BouncyCastle.Asn1.Tests.OctetStringTest.TestReadingWritingNested" executed="True" result="Success" success="True" time="0.001" asserts="1" />
                              <test-case name="Org.BouncyCastle.Asn1.Tests.OctetStringTest.TestReadingWritingZeroInLength" executed="True" result="Success" success="True" time="0.001" asserts="1" />
                            </results>
                          </test-suite>
                          <test-suite type="TestFixture" name="OidTest" executed="True" result="Success" success="True" time="0.009" asserts="0">
                            <results>
                              <test-case name="Org.BouncyCastle.Asn1.Tests.OidTest.TestFunction" executed="True" result="Success" success="True" time="0.009" asserts="1" />
                            </results>
                          </test-suite>
                          <test-suite type="TestFixture" name="OtherCertIDUnitTest" executed="True" result="Success" success="True" time="0.008" asserts="0">
                            <results>
                              <test-case name="Org.BouncyCastle.Asn1.Tests.OtherCertIDUnitTest.TestFunction" executed="True" result="Success" success="True" time="0.008" asserts="1" />
                            </results>
                          </test-suite>
                          <test-suite type="TestFixture" name="OtherSigningCertificateUnitTest" executed="True" result="Success" success="True" time="0.004" asserts="0">
                            <results>
                              <test-case name="Org.BouncyCastle.Asn1.Tests.OtherSigningCertificateUnitTest.TestFunction" executed="True" result="Success" success="True" time="0.004" asserts="1" />
                            </results>
                          </test-suite>
                          <test-suite type="TestFixture" name="ParseTest" executed="True" result="Success" success="True" time="0.004" asserts="0">
                            <results>
                              <test-case name="Org.BouncyCastle.Asn1.Tests.ParseTest.TestClassCast" executed="True" result="Success" success="True" time="0.001" asserts="0" />
                              <test-case name="Org.BouncyCastle.Asn1.Tests.ParseTest.TestDerExp" executed="True" result="Success" success="True" time="0.001" asserts="0" />
                              <test-case name="Org.BouncyCastle.Asn1.Tests.ParseTest.TestLongTag" executed="True" result="Success" success="True" time="0.001" asserts="1" />
                            </results>
                          </test-suite>
                          <test-suite type="TestFixture" name="PersonalDataUnitTest" executed="True" result="Success" success="True" time="0.008" asserts="0">
                            <results>
                              <test-case name="Org.BouncyCastle.Asn1.Tests.PersonalDataUnitTest.TestFunction" executed="True" result="Success" success="True" time="0.008" asserts="1" />
                            </results>
                          </test-suite>
                          <test-suite type="TestFixture" name="Pkcs10Test" executed="True" result="Success" success="True" time="0.006" asserts="0">
                            <results>
                              <test-case name="Org.BouncyCastle.Asn1.Tests.Pkcs10Test.TestFunction" executed="True" result="Success" success="True" time="0.004" asserts="1" />
                            </results>
                          </test-suite>
                          <test-suite type="TestFixture" name="Pkcs12Test" executed="True" result="Success" success="True" time="0.014" asserts="0">
                            <results>
                              <test-case name="Org.BouncyCastle.Asn1.Tests.Pkcs12Test.TestFunction" executed="True" result="Success" success="True" time="0.013" asserts="1" />
                            </results>
                          </test-suite>
                          <test-suite type="TestFixture" name="PkiFailureInfoTest" executed="True" result="Success" success="True" time="0.003" asserts="0">
                            <results>
                              <test-case name="Org.BouncyCastle.Asn1.Tests.PkiFailureInfoTest.TestFunction" executed="True" result="Success" success="True" time="0.002" asserts="1" />
                            </results>
                          </test-suite>
                          <test-suite type="TestFixture" name="ProcurationSyntaxUnitTest" executed="True" result="Success" success="True" time="0.006" asserts="0">
                            <results>
                              <test-case name="Org.BouncyCastle.Asn1.Tests.ProcurationSyntaxUnitTest.TestFunction" executed="True" result="Success" success="True" time="0.005" asserts="1" />
                            </results>
                          </test-suite>
                          <test-suite type="TestFixture" name="ProfessionInfoUnitTest" executed="True" result="Success" success="True" time="0.008" asserts="0">
                            <results>
                              <test-case name="Org.BouncyCastle.Asn1.Tests.ProfessionInfoUnitTest.TestFunction" executed="True" result="Success" success="True" time="0.008" asserts="1" />
                            </results>
                          </test-suite>
                          <test-suite type="TestFixture" name="QCStatementUnitTest" executed="True" result="Success" success="True" time="0.005" asserts="0">
                            <results>
                              <test-case name="Org.BouncyCastle.Asn1.Tests.QCStatementUnitTest.TestFunction" executed="True" result="Success" success="True" time="0.005" asserts="1" />
                            </results>
                          </test-suite>
                          <test-suite type="TestFixture" name="ReasonFlagsTest" executed="True" result="Success" success="True" time="0.002" asserts="0">
                            <results>
                              <test-case name="Org.BouncyCastle.Asn1.Tests.ReasonFlagsTest.TestFunction" executed="True" result="Success" success="True" time="0.001" asserts="1" />
                            </results>
                          </test-suite>
                          <test-suite type="TestFixture" name="RequestedCertificateUnitTest" executed="True" result="Success" success="True" time="0.006" asserts="0">
                            <results>
                              <test-case name="Org.BouncyCastle.Asn1.Tests.RequestedCertificateUnitTest.TestFunction" executed="True" result="Success" success="True" time="0.005" asserts="1" />
                            </results>
                          </test-suite>
                          <test-suite type="TestFixture" name="RestrictionUnitTest" executed="True" result="Success" success="True" time="0.003" asserts="0">
                            <results>
                              <test-case name="Org.BouncyCastle.Asn1.Tests.RestrictionUnitTest.TestFunction" executed="True" result="Success" success="True" time="0.003" asserts="1" />
                            </results>
                          </test-suite>
                          <test-suite type="TestFixture" name="SemanticsInformationUnitTest" executed="True" result="Success" success="True" time="0.005" asserts="0">
                            <results>
                              <test-case name="Org.BouncyCastle.Asn1.Tests.SemanticsInformationUnitTest.TestFunction" executed="True" result="Success" success="True" time="0.004" asserts="1" />
                            </results>
                          </test-suite>
                          <test-suite type="TestFixture" name="SetTest" executed="True" result="Success" success="True" time="0.004" asserts="0">
                            <results>
                              <test-case name="Org.BouncyCastle.Asn1.Tests.SetTest.TestFunction" executed="True" result="Success" success="True" time="0.004" asserts="1" />
                            </results>
                          </test-suite>
                          <test-suite type="TestFixture" name="SignerLocationUnitTest" executed="True" result="Success" success="True" time="0.006" asserts="0">
                            <results>
                              <test-case name="Org.BouncyCastle.Asn1.Tests.SignerLocationUnitTest.TestFunction" executed="True" result="Success" success="True" time="0.006" asserts="1" />
                            </results>
                          </test-suite>
                          <test-suite type="TestFixture" name="SmimeTest" executed="True" result="Success" success="True" time="0.006" asserts="0">
                            <results>
                              <test-case name="Org.BouncyCastle.Asn1.Tests.SmimeTest.TestFunction" executed="True" result="Success" success="True" time="0.005" asserts="1" />
                            </results>
                          </test-suite>
                          <test-suite type="TestFixture" name="StringTest" executed="True" result="Success" success="True" time="0.004" asserts="0">
                            <results>
                              <test-case name="Org.BouncyCastle.Asn1.Tests.StringTest.TestFunction" executed="True" result="Success" success="True" time="0.003" asserts="1" />
                            </results>
                          </test-suite>
                          <test-suite type="TestFixture" name="SubjectKeyIdentifierTest" executed="True" result="Success" success="True" time="0.003" asserts="0">
                            <results>
                              <test-case name="Org.BouncyCastle.Asn1.Tests.SubjectKeyIdentifierTest.TestFunction" executed="True" result="Success" success="True" time="0.002" asserts="1" />
                            </results>
                          </test-suite>
                          <test-suite type="TestFixture" name="TagTest" executed="True" result="Success" success="True" time="0.024" asserts="0">
                            <results>
                              <test-case name="Org.BouncyCastle.Asn1.Tests.TagTest.TestFunction" executed="True" result="Success" success="True" time="0.024" asserts="1" />
                            </results>
                          </test-suite>
                          <test-suite type="TestFixture" name="TargetInformationTest" executed="True" result="Success" success="True" time="0.004" asserts="0">
                            <results>
                              <test-case name="Org.BouncyCastle.Asn1.Tests.TargetInformationTest.TestFunction" executed="True" result="Success" success="True" time="0.004" asserts="1" />
                            </results>
                          </test-suite>
                          <test-suite type="TestFixture" name="TimeTest" executed="True" result="Success" success="True" time="0.003" asserts="0">
                            <results>
                              <test-case name="Org.BouncyCastle.Asn1.Tests.TimeTest.CheckCmsTimeVsX509Time" executed="True" result="Success" success="True" time="0.003" asserts="2" />
                            </results>
                          </test-suite>
                          <test-suite type="TestFixture" name="TypeOfBiometricDataUnitTest" executed="True" result="Success" success="True" time="0.003" asserts="0">
                            <results>
                              <test-case name="Org.BouncyCastle.Asn1.Tests.TypeOfBiometricDataUnitTest.TestFunction" executed="True" result="Success" success="True" time="0.003" asserts="1" />
                            </results>
                          </test-suite>
                          <test-suite type="TestFixture" name="UtcTimeTest" executed="True" result="Success" success="True" time="0.003" asserts="0">
                            <results>
                              <test-case name="Org.BouncyCastle.Asn1.Tests.UtcTimeTest.TestFunction" executed="True" result="Success" success="True" time="0.002" asserts="1" />
                            </results>
                          </test-suite>
                          <test-suite type="TestFixture" name="X509ExtensionsTest" executed="True" result="Success" success="True" time="0.005" asserts="0">
                            <results>
                              <test-case name="Org.BouncyCastle.Asn1.Tests.X509ExtensionsTest.TestFunction" executed="True" result="Success" success="True" time="0.005" asserts="1" />
                            </results>
                          </test-suite>
                          <test-suite type="TestFixture" name="X509NameTest" executed="True" result="Success" success="True" time="0.021" asserts="0">
                            <results>
                              <test-case name="Org.BouncyCastle.Asn1.Tests.X509NameTest.TestFunction" executed="True" result="Success" success="True" time="0.020" asserts="1" />
                            </results>
                          </test-suite>
                          <test-suite type="TestFixture" name="X9Test" executed="True" result="Success" success="True" time="0.089" asserts="0">
                            <results>
                              <test-case name="Org.BouncyCastle.Asn1.Tests.X9Test.TestFunction" executed="True" result="Success" success="True" time="0.088" asserts="1" />
                            </results>
                          </test-suite>
                        </results>
                      </test-suite>
                    </results>
                  </test-suite>
                  <test-suite type="Namespace" name="Bcpg" executed="True" result="Success" success="True" time="40.881" asserts="0">
                    <results>
                      <test-suite type="Namespace" name="OpenPgp" executed="True" result="Success" success="True" time="40.880" asserts="0">
                        <results>
                          <test-suite type="Namespace" name="Examples" executed="True" result="Success" success="True" time="5.412" asserts="0">
                            <results>
                              <test-suite type="Namespace" name="Tests" executed="True" result="Success" success="True" time="5.412" asserts="0">
                                <results>
                                  <test-suite type="TestFixture" name="AllTests" executed="True" result="Success" success="True" time="5.412" asserts="0">
                                    <results>
                                      <test-case name="Org.BouncyCastle.Bcpg.OpenPgp.Examples.Tests.AllTests.TestClearSigned" executed="True" result="Success" success="True" time="0.565" asserts="0" />
                                      <test-case name="Org.BouncyCastle.Bcpg.OpenPgp.Examples.Tests.AllTests.TestClearSignedBogusInput" executed="True" result="Success" success="True" time="0.017" asserts="0" />
                                      <test-case name="Org.BouncyCastle.Bcpg.OpenPgp.Examples.Tests.AllTests.TestDsaElGamalKeyGeneration" executed="True" result="Success" success="True" time="4.150" asserts="16" />
                                      <test-case name="Org.BouncyCastle.Bcpg.OpenPgp.Examples.Tests.AllTests.TestPbeEncryption" executed="True" result="Success" success="True" time="0.042" asserts="3" />
                                      <test-case name="Org.BouncyCastle.Bcpg.OpenPgp.Examples.Tests.AllTests.TestRsaKeyGeneration" executed="True" result="Success" success="True" time="0.635" asserts="16" />
                                    </results>
                                  </test-suite>
                                </results>
                              </test-suite>
                            </results>
                          </test-suite>
                          <test-suite type="Namespace" name="Tests" executed="True" result="Success" success="True" time="35.466" asserts="0">
                            <results>
                              <test-suite type="TestFixture" name="Dsa2Test" executed="True" result="Success" success="True" time="4.120" asserts="0">
                                <results>
                                  <test-case name="Org.BouncyCastle.Bcpg.OpenPgp.Tests.Dsa2Test.TestGenerateK1024H224" executed="True" result="Success" success="True" time="0.022" asserts="5" />
                                  <test-case name="Org.BouncyCastle.Bcpg.OpenPgp.Tests.Dsa2Test.TestGenerateK1024H256" executed="True" result="Success" success="True" time="0.013" asserts="5" />
                                  <test-case name="Org.BouncyCastle.Bcpg.OpenPgp.Tests.Dsa2Test.TestGenerateK1024H384" executed="True" result="Success" success="True" time="0.020" asserts="5" />
                                  <test-case name="Org.BouncyCastle.Bcpg.OpenPgp.Tests.Dsa2Test.TestGenerateK1024H512" executed="True" result="Success" success="True" time="0.014" asserts="5" />
                                  <test-case name="Org.BouncyCastle.Bcpg.OpenPgp.Tests.Dsa2Test.TestGenerateK2048H256" executed="True" result="Success" success="True" time="0.048" asserts="5" />
                                  <test-case name="Org.BouncyCastle.Bcpg.OpenPgp.Tests.Dsa2Test.TestGenerateK2048H512" executed="True" result="Success" success="True" time="0.056" asserts="5" />
                                  <test-case name="Org.BouncyCastle.Bcpg.OpenPgp.Tests.Dsa2Test.TestK1024H160" executed="True" result="Success" success="True" time="0.009" asserts="1" />
                                  <test-case name="Org.BouncyCastle.Bcpg.OpenPgp.Tests.Dsa2Test.TestK1024H224" executed="True" result="Success" success="True" time="0.008" asserts="1" />
                                  <test-case name="Org.BouncyCastle.Bcpg.OpenPgp.Tests.Dsa2Test.TestK1024H256" executed="True" result="Success" success="True" time="0.009" asserts="1" />
                                  <test-case name="Org.BouncyCastle.Bcpg.OpenPgp.Tests.Dsa2Test.TestK1024H384" executed="True" result="Success" success="True" time="0.007" asserts="1" />
                                  <test-case name="Org.BouncyCastle.Bcpg.OpenPgp.Tests.Dsa2Test.TestK1024H512" executed="True" result="Success" success="True" time="0.007" asserts="1" />
                                  <test-case name="Org.BouncyCastle.Bcpg.OpenPgp.Tests.Dsa2Test.TestK15360H512" executed="True" result="Success" success="True" time="3.196" asserts="1" />
                                  <test-case name="Org.BouncyCastle.Bcpg.OpenPgp.Tests.Dsa2Test.TestK2048H224" executed="True" result="Success" success="True" time="0.030" asserts="1" />
                                  <test-case name="Org.BouncyCastle.Bcpg.OpenPgp.Tests.Dsa2Test.TestK3072H256" executed="True" result="Success" success="True" time="0.072" asserts="1" />
                                  <test-case name="Org.BouncyCastle.Bcpg.OpenPgp.Tests.Dsa2Test.TestK7680H384" executed="True" result="Success" success="True" time="0.599" asserts="1" />
                                </results>
                              </test-suite>
                              <test-suite type="TestFixture" name="PgpArmoredTest" executed="True" result="Success" success="True" time="0.005" asserts="0">
                                <results>
                                  <test-case name="Org.BouncyCastle.Bcpg.OpenPgp.Tests.PgpArmoredTest.TestFunction" executed="True" result="Success" success="True" time="0.005" asserts="1" />
                                </results>
                              </test-suite>
                              <test-suite type="TestFixture" name="PgpClearSignedSignatureTest" executed="True" result="Success" success="True" time="0.144" asserts="0">
                                <results>
                                  <test-case name="Org.BouncyCastle.Bcpg.OpenPgp.Tests.PgpClearSignedSignatureTest.TestFunction" executed="True" result="Success" success="True" time="0.143" asserts="1" />
                                </results>
                              </test-suite>
                              <test-suite type="TestFixture" name="PgpCompressionTest" executed="True" result="Success" success="True" time="0.057" asserts="0">
                                <results>
                                  <test-case name="Org.BouncyCastle.Bcpg.OpenPgp.Tests.PgpCompressionTest.TestBZip2" executed="True" result="Success" success="True" time="0.052" asserts="0" />
                                  <test-case name="Org.BouncyCastle.Bcpg.OpenPgp.Tests.PgpCompressionTest.TestUncompressed" executed="True" result="Success" success="True" time="0.000" asserts="0" />
                                  <test-case name="Org.BouncyCastle.Bcpg.OpenPgp.Tests.PgpCompressionTest.TestZip" executed="True" result="Success" success="True" time="0.001" asserts="0" />
                                  <test-case name="Org.BouncyCastle.Bcpg.OpenPgp.Tests.PgpCompressionTest.TestZLib" executed="True" result="Success" success="True" time="0.001" asserts="0" />
                                </results>
                              </test-suite>
                              <test-suite type="TestFixture" name="PgpDsaElGamalTest" executed="True" result="Success" success="True" time="0.923" asserts="0">
                                <results>
                                  <test-case name="Org.BouncyCastle.Bcpg.OpenPgp.Tests.PgpDsaElGamalTest.TestFunction" executed="True" result="Success" success="True" time="0.922" asserts="1" />
                                </results>
                              </test-suite>
                              <test-suite type="TestFixture" name="PgpDsaTest" executed="True" result="Success" success="True" time="0.213" asserts="0">
                                <results>
                                  <test-case name="Org.BouncyCastle.Bcpg.OpenPgp.Tests.PgpDsaTest.TestFunction" executed="True" result="Success" success="True" time="0.212" asserts="1" />
                                </results>
                              </test-suite>
                              <test-suite type="TestFixture" name="PgpKeyRingTest" executed="True" result="Success" success="True" time="0.892" asserts="0">
                                <results>
                                  <test-case name="Org.BouncyCastle.Bcpg.OpenPgp.Tests.PgpKeyRingTest.GenerateSha1Test" executed="True" result="Success" success="True" time="0.522" asserts="0" />
                                  <test-case name="Org.BouncyCastle.Bcpg.OpenPgp.Tests.PgpKeyRingTest.GenerateTest" executed="True" result="Success" success="True" time="0.155" asserts="0" />
                                  <test-case name="Org.BouncyCastle.Bcpg.OpenPgp.Tests.PgpKeyRingTest.InsertMasterTest" executed="True" result="Success" success="True" time="0.100" asserts="0" />
                                  <test-case name="Org.BouncyCastle.Bcpg.OpenPgp.Tests.PgpKeyRingTest.PerformTest1" executed="True" result="Success" success="True" time="0.011" asserts="0" />
                                  <test-case name="Org.BouncyCastle.Bcpg.OpenPgp.Tests.PgpKeyRingTest.PerformTest10" executed="True" result="Success" success="True" time="0.004" asserts="0" />
                                  <test-case name="Org.BouncyCastle.Bcpg.OpenPgp.Tests.PgpKeyRingTest.PerformTest11" executed="True" result="Success" success="True" time="0.001" asserts="0" />
                                  <test-case name="Org.BouncyCastle.Bcpg.OpenPgp.Tests.PgpKeyRingTest.PerformTest2" executed="True" result="Success" success="True" time="0.030" asserts="0" />
                                  <test-case name="Org.BouncyCastle.Bcpg.OpenPgp.Tests.PgpKeyRingTest.PerformTest3" executed="True" result="Success" success="True" time="0.008" asserts="0" />
                                  <test-case name="Org.BouncyCastle.Bcpg.OpenPgp.Tests.PgpKeyRingTest.PerformTest4" executed="True" result="Success" success="True" time="0.002" asserts="0" />
                                  <test-case name="Org.BouncyCastle.Bcpg.OpenPgp.Tests.PgpKeyRingTest.PerformTest5" executed="True" result="Success" success="True" time="0.010" asserts="0" />
                                  <test-case name="Org.BouncyCastle.Bcpg.OpenPgp.Tests.PgpKeyRingTest.PerformTest6" executed="True" result="Success" success="True" time="0.002" asserts="0" />
                                  <test-case name="Org.BouncyCastle.Bcpg.OpenPgp.Tests.PgpKeyRingTest.PerformTest8" executed="True" result="Success" success="True" time="0.014" asserts="0" />
                                  <test-case name="Org.BouncyCastle.Bcpg.OpenPgp.Tests.PgpKeyRingTest.PerformTest9" executed="True" result="Success" success="True" time="0.008" asserts="0" />
                                  <test-case name="Org.BouncyCastle.Bcpg.OpenPgp.Tests.PgpKeyRingTest.PublicKeyRingWithX509Test" executed="True" result="Success" success="True" time="0.002" asserts="0" />
                                  <test-case name="Org.BouncyCastle.Bcpg.OpenPgp.Tests.PgpKeyRingTest.RewrapTest" executed="True" result="Success" success="True" time="0.005" asserts="0" />
                                  <test-case name="Org.BouncyCastle.Bcpg.OpenPgp.Tests.PgpKeyRingTest.SecretKeyRingWithPersonalCertificateTest" executed="True" result="Success" success="True" time="0.002" asserts="0" />
                                </results>
                              </test-suite>
                              <test-suite type="TestFixture" name="PgpMarkerTest" executed="True" result="Success" success="True" time="0.002" asserts="0">
                                <results>
                                  <test-case name="Org.BouncyCastle.Bcpg.OpenPgp.Tests.PgpMarkerTest.TestFunction" executed="True" result="Success" success="True" time="0.001" asserts="1" />
                                </results>
                              </test-suite>
                              <test-suite type="TestFixture" name="PGPNoPrivateKeyTest" executed="True" result="Success" success="True" time="0.003" asserts="0">
                                <results>
                                  <test-case name="Org.BouncyCastle.Bcpg.OpenPgp.Tests.PGPNoPrivateKeyTest.TestFunction" executed="True" result="Success" success="True" time="0.002" asserts="1" />
                                </results>
                              </test-suite>
                              <test-suite type="TestFixture" name="PgpPacketTest" executed="True" result="Success" success="True" time="27.842" asserts="0">
                                <results>
                                  <test-case name="Org.BouncyCastle.Bcpg.OpenPgp.Tests.PgpPacketTest.TestFunction" executed="True" result="Success" success="True" time="27.841" asserts="1" />
                                </results>
                              </test-suite>
                              <test-suite type="TestFixture" name="PgpPbeTest" executed="True" result="Success" success="True" time="0.053" asserts="0">
                                <results>
                                  <test-case name="Org.BouncyCastle.Bcpg.OpenPgp.Tests.PgpPbeTest.TestFunction" executed="True" result="Success" success="True" time="0.052" asserts="1" />
                                </results>
                              </test-suite>
                              <test-suite type="TestFixture" name="PgpRsaTest" executed="True" result="Success" success="True" time="0.965" asserts="0">
                                <results>
                                  <test-case name="Org.BouncyCastle.Bcpg.OpenPgp.Tests.PgpRsaTest.TestFunction" executed="True" result="Success" success="True" time="0.964" asserts="1" />
                                </results>
                              </test-suite>
                              <test-suite type="TestFixture" name="PgpSignatureTest" executed="True" result="Success" success="True" time="0.237" asserts="0">
                                <results>
                                  <test-case name="Org.BouncyCastle.Bcpg.OpenPgp.Tests.PgpSignatureTest.TestFunction" executed="True" result="Success" success="True" time="0.236" asserts="1" />
                                </results>
                              </test-suite>
                            </results>
                          </test-suite>
                        </results>
                      </test-suite>
                    </results>
                  </test-suite>
                  <test-suite type="Namespace" name="Cms" executed="True" result="Success" success="True" time="5.033" asserts="0">
                    <results>
                      <test-suite type="Namespace" name="Tests" executed="True" result="Success" success="True" time="5.033" asserts="0">
                        <results>
                          <test-suite type="TestFixture" name="AuthenticatedDataStreamTest" executed="True" result="Success" success="True" time="0.636" asserts="0">
                            <results>
                              <test-case name="Org.BouncyCastle.Cms.Tests.AuthenticatedDataStreamTest.TestKeyTransDESede" executed="True" result="Success" success="True" time="0.635" asserts="5" />
                            </results>
                          </test-suite>
                          <test-suite type="TestFixture" name="AuthenticatedDataTest" executed="True" result="Success" success="True" time="0.419" asserts="0">
                            <results>
                              <test-case name="Org.BouncyCastle.Cms.Tests.AuthenticatedDataTest.TestECKeyAgree" executed="True" result="Success" success="True" time="0.248" asserts="4" />
                              <test-case name="Org.BouncyCastle.Cms.Tests.AuthenticatedDataTest.TestEncoding" executed="True" result="Success" success="True" time="0.121" asserts="5" />
                              <test-case name="Org.BouncyCastle.Cms.Tests.AuthenticatedDataTest.TestKEKDESede" executed="True" result="Success" success="True" time="0.011" asserts="5" />
                              <test-case name="Org.BouncyCastle.Cms.Tests.AuthenticatedDataTest.TestKeyTransDESede" executed="True" result="Success" success="True" time="0.010" asserts="5" />
                              <test-case name="Org.BouncyCastle.Cms.Tests.AuthenticatedDataTest.TestPasswordAES256" executed="True" result="Success" success="True" time="0.027" asserts="4" />
                            </results>
                          </test-suite>
                          <test-suite type="TestFixture" name="CompressedDataStreamTest" executed="True" result="Success" success="True" time="0.043" asserts="0">
                            <results>
                              <test-case name="Org.BouncyCastle.Cms.Tests.CompressedDataStreamTest.Test1000" executed="True" result="Success" success="True" time="0.039" asserts="10" />
                              <test-case name="Org.BouncyCastle.Cms.Tests.CompressedDataStreamTest.TestEach" executed="True" result="Success" success="True" time="0.002" asserts="1" />
                              <test-case name="Org.BouncyCastle.Cms.Tests.CompressedDataStreamTest.TestWorkingData" executed="True" result="Success" success="True" time="0.001" asserts="1" />
                            </results>
                          </test-suite>
                          <test-suite type="TestFixture" name="CompressedDataTest" executed="True" result="Success" success="True" time="0.011" asserts="0">
                            <results>
                              <test-case name="Org.BouncyCastle.Cms.Tests.CompressedDataTest.TestEach" executed="True" result="Success" success="True" time="0.003" asserts="1" />
                              <test-case name="Org.BouncyCastle.Cms.Tests.CompressedDataTest.TestLimitEqual" executed="True" result="Success" success="True" time="0.002" asserts="1" />
                              <test-case name="Org.BouncyCastle.Cms.Tests.CompressedDataTest.TestLimitOver" executed="True" result="Success" success="True" time="0.001" asserts="1" />
                              <test-case name="Org.BouncyCastle.Cms.Tests.CompressedDataTest.TestLimitUnder" executed="True" result="Success" success="True" time="0.002" asserts="1" />
                              <test-case name="Org.BouncyCastle.Cms.Tests.CompressedDataTest.TestWorkingData" executed="True" result="Success" success="True" time="0.001" asserts="1" />
                            </results>
                          </test-suite>
                          <test-suite type="TestFixture" name="EnvelopedDataStreamTest" executed="True" result="Success" success="True" time="0.503" asserts="0">
                            <results>
                              <test-case name="Org.BouncyCastle.Cms.Tests.EnvelopedDataStreamTest.TestAesKek" executed="True" result="Success" success="True" time="0.014" asserts="3" />
                              <test-case name="Org.BouncyCastle.Cms.Tests.EnvelopedDataStreamTest.TestECKeyAgree" executed="True" result="Success" success="True" time="0.220" asserts="2" />
                              <test-case name="Org.BouncyCastle.Cms.Tests.EnvelopedDataStreamTest.TestKeyTransAes128" executed="True" result="Success" success="True" time="0.174" asserts="3" />
                              <test-case name="Org.BouncyCastle.Cms.Tests.EnvelopedDataStreamTest.TestKeyTransAes128Buffered" executed="True" result="Success" success="True" time="0.021" asserts="7" />
                              <test-case name="Org.BouncyCastle.Cms.Tests.EnvelopedDataStreamTest.TestKeyTransAes128BufferedStream" executed="True" result="Success" success="True" time="0.019" asserts="7" />
                              <test-case name="Org.BouncyCastle.Cms.Tests.EnvelopedDataStreamTest.TestKeyTransAes128Der" executed="True" result="Success" success="True" time="0.010" asserts="3" />
                              <test-case name="Org.BouncyCastle.Cms.Tests.EnvelopedDataStreamTest.TestKeyTransAes128Throughput" executed="True" result="Success" success="True" time="0.020" asserts="12" />
                              <test-case name="Org.BouncyCastle.Cms.Tests.EnvelopedDataStreamTest.TestOriginatorInfo" executed="True" result="Success" success="True" time="0.002" asserts="1" />
                              <test-case name="Org.BouncyCastle.Cms.Tests.EnvelopedDataStreamTest.TestTwoAesKek" executed="True" result="Success" success="True" time="0.002" asserts="3" />
                              <test-case name="Org.BouncyCastle.Cms.Tests.EnvelopedDataStreamTest.TestWorkingData" executed="True" result="Success" success="True" time="0.015" asserts="3" />
                            </results>
                          </test-suite>
                          <test-suite type="TestFixture" name="EnvelopedDataTest" executed="True" result="Success" success="True" time="0.666" asserts="0">
                            <results>
                              <test-case name="Org.BouncyCastle.Cms.Tests.EnvelopedDataTest.TestAes128Kek" executed="True" result="Success" success="True" time="0.007" asserts="4" />
                              <test-case name="Org.BouncyCastle.Cms.Tests.EnvelopedDataTest.TestAes192Kek" executed="True" result="Success" success="True" time="0.001" asserts="4" />
                              <test-case name="Org.BouncyCastle.Cms.Tests.EnvelopedDataTest.TestAes256Kek" executed="True" result="Success" success="True" time="0.001" asserts="4" />
                              <test-case name="Org.BouncyCastle.Cms.Tests.EnvelopedDataTest.TestCamellia128Kek" executed="True" result="Success" success="True" time="0.018" asserts="4" />
                              <test-case name="Org.BouncyCastle.Cms.Tests.EnvelopedDataTest.TestCamellia192Kek" executed="True" result="Success" success="True" time="0.003" asserts="4" />
                              <test-case name="Org.BouncyCastle.Cms.Tests.EnvelopedDataTest.TestCamellia256Kek" executed="True" result="Success" success="True" time="0.001" asserts="4" />
                              <test-case name="Org.BouncyCastle.Cms.Tests.EnvelopedDataTest.TestDesKek" executed="True" result="Success" success="True" time="0.001" asserts="4" />
                              <test-case name="Org.BouncyCastle.Cms.Tests.EnvelopedDataTest.TestECKeyAgree" executed="True" result="Success" success="True" time="0.101" asserts="4" />
                              <test-case name="Org.BouncyCastle.Cms.Tests.EnvelopedDataTest.TestECKeyAgreeVectors" executed="True" result="Success" success="True" time="0.062" asserts="12" />
                              <test-case name="Org.BouncyCastle.Cms.Tests.EnvelopedDataTest.TestECMqvKeyAgree" executed="True" result="Success" success="True" time="0.058" asserts="4" />
                              <test-case name="Org.BouncyCastle.Cms.Tests.EnvelopedDataTest.TestECMqvKeyAgreeMultiple" executed="True" result="Success" success="True" time="0.098" asserts="6" />
                              <test-case name="Org.BouncyCastle.Cms.Tests.EnvelopedDataTest.TestECMqvKeyAgreeVectors" executed="True" result="Success" success="True" time="0.019" asserts="4" />
                              <test-case name="Org.BouncyCastle.Cms.Tests.EnvelopedDataTest.TestErroneousKek" executed="True" result="Success" success="True" time="0.001" asserts="4" />
                              <test-case name="Org.BouncyCastle.Cms.Tests.EnvelopedDataTest.TestKeyTrans" executed="True" result="Success" success="True" time="0.143" asserts="4" />
                              <test-case name="Org.BouncyCastle.Cms.Tests.EnvelopedDataTest.TestKeyTrans128RC4" executed="True" result="Success" success="True" time="0.013" asserts="3" />
                              <test-case name="Org.BouncyCastle.Cms.Tests.EnvelopedDataTest.TestKeyTransAes128" executed="True" result="Success" success="True" time="0.010" asserts="5" />
                              <test-case name="Org.BouncyCastle.Cms.Tests.EnvelopedDataTest.TestKeyTransAes192" executed="True" result="Success" success="True" time="0.008" asserts="5" />
                              <test-case name="Org.BouncyCastle.Cms.Tests.EnvelopedDataTest.TestKeyTransAes256" executed="True" result="Success" success="True" time="0.009" asserts="5" />
                              <test-case name="Org.BouncyCastle.Cms.Tests.EnvelopedDataTest.TestKeyTransCast5" executed="True" result="Success" success="True" time="0.012" asserts="5" />
                              <test-case name="Org.BouncyCastle.Cms.Tests.EnvelopedDataTest.TestKeyTransOdes" executed="True" result="Success" success="True" time="0.011" asserts="3" />
                              <test-case name="Org.BouncyCastle.Cms.Tests.EnvelopedDataTest.TestKeyTransRC4" executed="True" result="Success" success="True" time="0.010" asserts="3" />
                              <test-case name="Org.BouncyCastle.Cms.Tests.EnvelopedDataTest.TestKeyTransSeed" executed="True" result="Success" success="True" time="0.014" asserts="5" />
                              <test-case name="Org.BouncyCastle.Cms.Tests.EnvelopedDataTest.TestKeyTransSmallAes" executed="True" result="Success" success="True" time="0.009" asserts="3" />
                              <test-case name="Org.BouncyCastle.Cms.Tests.EnvelopedDataTest.TestOriginatorInfo" executed="True" result="Success" success="True" time="0.001" asserts="1" />
                              <test-case name="Org.BouncyCastle.Cms.Tests.EnvelopedDataTest.TestPasswordAes256" executed="True" result="Success" success="True" time="0.005" asserts="6" />
                              <test-case name="Org.BouncyCastle.Cms.Tests.EnvelopedDataTest.TestPasswordDesEde" executed="True" result="Success" success="True" time="0.002" asserts="6" />
                              <test-case name="Org.BouncyCastle.Cms.Tests.EnvelopedDataTest.TestRC2128Kek" executed="True" result="Success" success="True" time="0.014" asserts="4" />
                              <test-case name="Org.BouncyCastle.Cms.Tests.EnvelopedDataTest.TestRfc4134Ex5_1" executed="True" result="Success" success="True" time="0.008" asserts="3" />
                              <test-case name="Org.BouncyCastle.Cms.Tests.EnvelopedDataTest.TestRfc4134Ex5_2" executed="True" result="Success" success="True" time="0.010" asserts="2" />
                              <test-case name="Org.BouncyCastle.Cms.Tests.EnvelopedDataTest.TestSeed128Kek" executed="True" result="Success" success="True" time="0.001" asserts="4" />
                            </results>
                          </test-suite>
                          <test-suite type="TestFixture" name="MiscDataStreamTest" executed="True" result="Success" success="True" time="0.715" asserts="0">
                            <results>
                              <test-case name="Org.BouncyCastle.Cms.Tests.MiscDataStreamTest.TestSha1WithRsa" executed="True" result="Success" success="True" time="0.715" asserts="2" />
                            </results>
                          </test-suite>
                          <test-suite type="TestFixture" name="Rfc4134Test" executed="True" result="Success" success="True" time="0.149" asserts="0">
                            <results>
                              <test-case name="Org.BouncyCastle.Cms.Tests.Rfc4134Test.Test4_1" executed="True" result="Success" success="True" time="0.022" asserts="4" />
                              <test-case name="Org.BouncyCastle.Cms.Tests.Rfc4134Test.Test4_2" executed="True" result="Success" success="True" time="0.004" asserts="4" />
                              <test-case name="Org.BouncyCastle.Cms.Tests.Rfc4134Test.Test4_3" executed="True" result="Success" success="True" time="0.014" asserts="5" />
                              <test-case name="Org.BouncyCastle.Cms.Tests.Rfc4134Test.Test4_4" executed="True" result="Success" success="True" time="0.020" asserts="11" />
                              <test-case name="Org.BouncyCastle.Cms.Tests.Rfc4134Test.Test4_5" executed="True" result="Success" success="True" time="0.003" asserts="4" />
                              <test-case name="Org.BouncyCastle.Cms.Tests.Rfc4134Test.Test4_6" executed="True" result="Success" success="True" time="0.028" asserts="6" />
                              <test-case name="Org.BouncyCastle.Cms.Tests.Rfc4134Test.Test4_7" executed="True" result="Success" success="True" time="0.014" asserts="4" />
                              <test-case name="Org.BouncyCastle.Cms.Tests.Rfc4134Test.Test5_1" executed="True" result="Success" success="True" time="0.022" asserts="16" />
                              <test-case name="Org.BouncyCastle.Cms.Tests.Rfc4134Test.Test5_2" executed="True" result="Success" success="True" time="0.016" asserts="18" />
                            </results>
                          </test-suite>
                          <test-suite type="TestFixture" name="SignedDataStreamTest" executed="True" result="Success" success="True" time="0.679" asserts="0">
                            <results>
                              <test-case name="Org.BouncyCastle.Cms.Tests.SignedDataStreamTest.TestAttributeGenerators" executed="True" result="Success" success="True" time="0.431" asserts="3" />
                              <test-case name="Org.BouncyCastle.Cms.Tests.SignedDataStreamTest.TestCertOrdering1" executed="True" result="Success" success="True" time="0.010" asserts="3" />
                              <test-case name="Org.BouncyCastle.Cms.Tests.SignedDataStreamTest.TestCertOrdering2" executed="True" result="Success" success="True" time="0.009" asserts="3" />
                              <test-case name="Org.BouncyCastle.Cms.Tests.SignedDataStreamTest.TestCertsOnly" executed="True" result="Success" success="True" time="0.002" asserts="0" />
                              <test-case name="Org.BouncyCastle.Cms.Tests.SignedDataStreamTest.TestCertStoreReplacement" executed="True" result="Success" success="True" time="0.024" asserts="1" />
                              <test-case name="Org.BouncyCastle.Cms.Tests.SignedDataStreamTest.TestEarlyInvalidKeyException" executed="True" result="Success" success="True" time="0.001" asserts="0" />
                              <test-case name="Org.BouncyCastle.Cms.Tests.SignedDataStreamTest.TestEarlyNoSuchAlgorithmException" executed="True" result="Success" success="True" time="0.001" asserts="0" />
                              <test-case name="Org.BouncyCastle.Cms.Tests.SignedDataStreamTest.TestEncapsulatedCertStoreReplacement" executed="True" result="Success" success="True" time="0.010" asserts="1" />
                              <test-case name="Org.BouncyCastle.Cms.Tests.SignedDataStreamTest.TestEncapsulatedSignerStoreReplacement" executed="True" result="Success" success="True" time="0.021" asserts="2" />
                              <test-case name="Org.BouncyCastle.Cms.Tests.SignedDataStreamTest.TestSha1AndMD5WithRsa" executed="True" result="Success" success="True" time="0.019" asserts="2" />
                              <test-case name="Org.BouncyCastle.Cms.Tests.SignedDataStreamTest.TestSha1EncapsulatedSignature" executed="True" result="Success" success="True" time="0.002" asserts="1" />
                              <test-case name="Org.BouncyCastle.Cms.Tests.SignedDataStreamTest.TestSha1WithRsa" executed="True" result="Success" success="True" time="0.028" asserts="6" />
                              <test-case name="Org.BouncyCastle.Cms.Tests.SignedDataStreamTest.TestSha1WithRsaEncapsulated" executed="True" result="Success" success="True" time="0.013" asserts="4" />
                              <test-case name="Org.BouncyCastle.Cms.Tests.SignedDataStreamTest.TestSha1WithRsaEncapsulatedBuffered" executed="True" result="Success" success="True" time="0.019" asserts="3" />
                              <test-case name="Org.BouncyCastle.Cms.Tests.SignedDataStreamTest.TestSha1WithRsaEncapsulatedBufferedStream" executed="True" result="Success" success="True" time="0.020" asserts="3" />
                              <test-case name="Org.BouncyCastle.Cms.Tests.SignedDataStreamTest.TestSha1WithRsaEncapsulatedSubjectKeyID" executed="True" result="Success" success="True" time="0.014" asserts="4" />
                              <test-case name="Org.BouncyCastle.Cms.Tests.SignedDataStreamTest.TestSha1WithRsaNonData" executed="True" result="Success" success="True" time="0.010" asserts="3" />
                              <test-case name="Org.BouncyCastle.Cms.Tests.SignedDataStreamTest.TestSignerStoreReplacement" executed="True" result="Success" success="True" time="0.020" asserts="2" />
                              <test-case name="Org.BouncyCastle.Cms.Tests.SignedDataStreamTest.TestWithAttributeCertificate" executed="True" result="Success" success="True" time="0.016" asserts="3" />
                            </results>
                          </test-suite>
                          <test-suite type="TestFixture" name="SignedDataTest" executed="True" result="Success" success="True" time="1.200" asserts="0">
                            <results>
                              <test-case name="Org.BouncyCastle.Cms.Tests.SignedDataTest.TestCertOrdering1" executed="True" result="Success" success="True" time="0.254" asserts="4" />
                              <test-case name="Org.BouncyCastle.Cms.Tests.SignedDataTest.TestCertOrdering2" executed="True" result="Success" success="True" time="0.009" asserts="4" />
                              <test-case name="Org.BouncyCastle.Cms.Tests.SignedDataTest.TestCertStoreReplacement" executed="True" result="Success" success="True" time="0.012" asserts="1" />
                              <test-case name="Org.BouncyCastle.Cms.Tests.SignedDataTest.TestCounterSig" executed="True" result="Success" success="True" time="0.004" asserts="4" />
                              <test-case name="Org.BouncyCastle.Cms.Tests.SignedDataTest.TestDetachedVerification" executed="True" result="Success" success="True" time="0.019" asserts="2" />
                              <test-case name="Org.BouncyCastle.Cms.Tests.SignedDataTest.TestDsaEncapsulated" executed="True" result="Success" success="True" time="0.022" asserts="5" />
                              <test-case name="Org.BouncyCastle.Cms.Tests.SignedDataTest.TestDsaEncapsulatedSubjectKeyID" executed="True" result="Success" success="True" time="0.012" asserts="6" />
                              <test-case name="Org.BouncyCastle.Cms.Tests.SignedDataTest.TestECDsaEncapsulated" executed="True" result="Success" success="True" time="0.070" asserts="5" />
                              <test-case name="Org.BouncyCastle.Cms.Tests.SignedDataTest.TestECDsaEncapsulatedSubjectKeyID" executed="True" result="Success" success="True" time="0.052" asserts="6" />
                              <test-case name="Org.BouncyCastle.Cms.Tests.SignedDataTest.TestECDsaSha224Encapsulated" executed="True" result="Success" success="True" time="0.052" asserts="5" />
                              <test-case name="Org.BouncyCastle.Cms.Tests.SignedDataTest.TestECDsaSha256Encapsulated" executed="True" result="Success" success="True" time="0.052" asserts="5" />
                              <test-case name="Org.BouncyCastle.Cms.Tests.SignedDataTest.TestECDsaSha384Encapsulated" executed="True" result="Success" success="True" time="0.052" asserts="5" />
                              <test-case name="Org.BouncyCastle.Cms.Tests.SignedDataTest.TestECDsaSha512Encapsulated" executed="True" result="Success" success="True" time="0.054" asserts="5" />
                              <test-case name="Org.BouncyCastle.Cms.Tests.SignedDataTest.TestECDsaSha512EncapsulatedWithKeyFactoryAsEC" executed="True" result="Success" success="True" time="0.063" asserts="5" />
                              <test-case name="Org.BouncyCastle.Cms.Tests.SignedDataTest.TestEncapsulatedCertStoreReplacement" executed="True" result="Success" success="True" time="0.010" asserts="1" />
                              <test-case name="Org.BouncyCastle.Cms.Tests.SignedDataTest.TestEncapsulatedSamples" executed="True" result="Success" success="True" time="0.017" asserts="3" />
                              <test-case name="Org.BouncyCastle.Cms.Tests.SignedDataTest.TestForMultipleCounterSignatures" executed="True" result="Success" success="True" time="0.002" asserts="1" />
                              <test-case name="Org.BouncyCastle.Cms.Tests.SignedDataTest.TestGost3411WithECGost3410Encapsulated" executed="True" result="Success" success="True" time="0.075" asserts="5" />
                              <test-case name="Org.BouncyCastle.Cms.Tests.SignedDataTest.TestGost3411WithGost3410Encapsulated" executed="True" result="Success" success="True" time="0.059" asserts="5" />
                              <test-case name="Org.BouncyCastle.Cms.Tests.SignedDataTest.TestNullContentWithSigner" executed="True" result="Success" success="True" time="0.009" asserts="1" />
                              <test-case name="Org.BouncyCastle.Cms.Tests.SignedDataTest.TestRipeMD128WithRsaEncapsulated" executed="True" result="Success" success="True" time="0.025" asserts="5" />
                              <test-case name="Org.BouncyCastle.Cms.Tests.SignedDataTest.TestRipeMD160WithRsaEncapsulated" executed="True" result="Success" success="True" time="0.038" asserts="5" />
                              <test-case name="Org.BouncyCastle.Cms.Tests.SignedDataTest.TestRipeMD256WithRsaEncapsulated" executed="True" result="Success" success="True" time="0.024" asserts="5" />
                              <test-case name="Org.BouncyCastle.Cms.Tests.SignedDataTest.TestSamples" executed="True" result="Success" success="True" time="0.011" asserts="3" />
                              <test-case name="Org.BouncyCastle.Cms.Tests.SignedDataTest.TestSha1AndMD5WithRsaEncapsulatedRepeated" executed="True" result="Success" success="True" time="0.023" asserts="11" />
                              <test-case name="Org.BouncyCastle.Cms.Tests.SignedDataTest.TestSha1WithRsaAndAttributeTable" executed="True" result="Success" success="True" time="0.011" asserts="2" />
                              <test-case name="Org.BouncyCastle.Cms.Tests.SignedDataTest.TestSha1WithRsaCounterSignature" executed="True" result="Success" success="True" time="0.027" asserts="5" />
                              <test-case name="Org.BouncyCastle.Cms.Tests.SignedDataTest.TestSha1WithRsaEncapsulated" executed="True" result="Success" success="True" time="0.012" asserts="5" />
                              <test-case name="Org.BouncyCastle.Cms.Tests.SignedDataTest.TestSha1WithRsaEncapsulatedSubjectKeyID" executed="True" result="Success" success="True" time="0.012" asserts="6" />
                              <test-case name="Org.BouncyCastle.Cms.Tests.SignedDataTest.TestSha1WithRsaPss" executed="True" result="Success" success="True" time="0.013" asserts="2" />
                              <test-case name="Org.BouncyCastle.Cms.Tests.SignedDataTest.TestSha224WithRsaEncapsulated" executed="True" result="Success" success="True" time="0.012" asserts="5" />
                              <test-case name="Org.BouncyCastle.Cms.Tests.SignedDataTest.TestSha224WithRsaPss" executed="True" result="Success" success="True" time="0.010" asserts="2" />
                              <test-case name="Org.BouncyCastle.Cms.Tests.SignedDataTest.TestSha256WithRsaEncapsulated" executed="True" result="Success" success="True" time="0.012" asserts="5" />
                              <test-case name="Org.BouncyCastle.Cms.Tests.SignedDataTest.TestSha256WithRsaPss" executed="True" result="Success" success="True" time="0.009" asserts="2" />
                              <test-case name="Org.BouncyCastle.Cms.Tests.SignedDataTest.TestSha384WithRsaPss" executed="True" result="Success" success="True" time="0.009" asserts="2" />
                              <test-case name="Org.BouncyCastle.Cms.Tests.SignedDataTest.TestSignerStoreReplacement" executed="True" result="Success" success="True" time="0.019" asserts="2" />
                              <test-case name="Org.BouncyCastle.Cms.Tests.SignedDataTest.TestUnsortedAttributes" executed="True" result="Success" success="True" time="0.003" asserts="1" />
                              <test-case name="Org.BouncyCastle.Cms.Tests.SignedDataTest.TestWithAttributeCertificate" executed="True" result="Success" success="True" time="0.011" asserts="4" />
                            </results>
                          </test-suite>
                        </results>
                      </test-suite>
                    </results>
                  </test-suite>
                  <test-suite type="Namespace" name="Crypto" executed="True" result="Success" success="True" time="167.945" asserts="0">
                    <results>
                      <test-suite type="Namespace" name="IO" executed="True" result="Success" success="True" time="0.009" asserts="0">
                        <results>
                          <test-suite type="Namespace" name="Tests" executed="True" result="Success" success="True" time="0.009" asserts="0">
                            <results>
                              <test-suite type="TestFixture" name="CipherStreamTest" executed="True" result="Success" success="True" time="0.009" asserts="0">
                                <results>
                                  <test-case name="Org.BouncyCastle.Crypto.IO.Tests.CipherStreamTest.TestEncryptDecryptA" executed="True" result="Success" success="True" time="0.004" asserts="4" />
                                  <test-case name="Org.BouncyCastle.Crypto.IO.Tests.CipherStreamTest.TestEncryptDecryptB" executed="True" result="Success" success="True" time="0.001" asserts="3" />
                                  <test-case name="Org.BouncyCastle.Crypto.IO.Tests.CipherStreamTest.TestEncryptDecryptC" executed="True" result="Success" success="True" time="0.000" asserts="4" />
                                  <test-case name="Org.BouncyCastle.Crypto.IO.Tests.CipherStreamTest.TestEncryptDecryptD" executed="True" result="Success" success="True" time="0.001" asserts="3" />
                                </results>
                              </test-suite>
                            </results>
                          </test-suite>
                        </results>
                      </test-suite>
                      <test-suite type="Namespace" name="Tests" executed="True" result="Success" success="True" time="165.286" asserts="0">
                        <results>
                          <test-suite type="TestFixture" name="AesFastTest" executed="True" result="Success" success="True" time="0.224" asserts="0">
                            <results>
[...]
                        </results>
                      </test-suite>
                      <test-suite type="TestFixture" name="NoekeonTest" executed="True" result="Success" success="True" time="0.004" asserts="0">
                        <results>
                          <test-case name="Org.BouncyCastle.Tests.NoekeonTest.TestFunction" executed="True" result="Success" success="True" time="0.004" asserts="1" />
                        </results>
                      </test-suite>
                      <test-suite type="TestFixture" name="PbeTest" executed="True" result="Success" success="True" time="0.066" asserts="0">
                        <results>
                          <test-case name="Org.BouncyCastle.Tests.PbeTest.TestFunction" executed="True" result="Success" success="True" time="0.064" asserts="1" />
                        </results>
                      </test-suite>
                      <test-suite type="TestFixture" name="Pkcs10CertRequestTest" executed="True" result="Success" success="True" time="1.623" asserts="0">
                        <results>
                          <test-case name="Org.BouncyCastle.Tests.Pkcs10CertRequestTest.TestFunction" executed="True" result="Success" success="True" time="1.622" asserts="1" />
                        </results>
                      </test-suite>
                      <test-suite type="TestFixture" name="PkixNameConstraintsTest" executed="True" result="Success" success="True" time="0.040" asserts="0">
                        <results>
                          <test-case name="Org.BouncyCastle.Tests.PkixNameConstraintsTest.TestFunction" executed="True" result="Success" success="True" time="0.035" asserts="1" />
                        </results>
                      </test-suite>
                      <test-suite type="TestFixture" name="PkixPolicyMappingTest" executed="True" result="Success" success="True" time="0.176" asserts="0">
                        <results>
                          <test-case name="Org.BouncyCastle.Tests.PkixPolicyMappingTest.TestFunction" executed="True" result="Success" success="True" time="0.175" asserts="1" />
                        </results>
                      </test-suite>
                      <test-suite type="TestFixture" name="PkixTest" executed="True" result="Success" success="True" time="0.022" asserts="0">
                        <results>
                          <test-case name="Org.BouncyCastle.Tests.PkixTest.TestFunction" executed="True" result="Success" success="True" time="0.021" asserts="1" />
                        </results>
                      </test-suite>
                      <test-suite type="TestFixture" name="PssTest" executed="True" result="Success" success="True" time="0.106" asserts="0">
                        <results>
                          <test-case name="Org.BouncyCastle.Tests.PssTest.TestFunction" executed="True" result="Success" success="True" time="0.105" asserts="1" />
                        </results>
                      </test-suite>
                      <test-suite type="Namespace" name="Rsa3" executed="True" result="Success" success="True" time="0.044" asserts="0">
                        <results>
                          <test-suite type="TestFixture" name="RSA3CertTest" executed="True" result="Success" success="True" time="0.044" asserts="0">
                            <results>
                              <test-case name="Org.BouncyCastle.Tests.Rsa3.RSA3CertTest.TestA" executed="True" result="Success" success="True" time="0.004" asserts="1" />
                              <test-case name="Org.BouncyCastle.Tests.Rsa3.RSA3CertTest.TestB" executed="True" result="Success" success="True" time="0.003" asserts="1" />
                              <test-case name="Org.BouncyCastle.Tests.Rsa3.RSA3CertTest.TestC" executed="True" result="Success" success="True" time="0.004" asserts="1" />
                              <test-case name="Org.BouncyCastle.Tests.Rsa3.RSA3CertTest.TestD" executed="True" result="Success" success="True" time="0.004" asserts="1" />
                              <test-case name="Org.BouncyCastle.Tests.Rsa3.RSA3CertTest.TestE" executed="True" result="Success" success="True" time="0.003" asserts="1" />
                              <test-case name="Org.BouncyCastle.Tests.Rsa3.RSA3CertTest.TestF" executed="True" result="Success" success="True" time="0.004" asserts="1" />
                              <test-case name="Org.BouncyCastle.Tests.Rsa3.RSA3CertTest.TestG" executed="True" result="Success" success="True" time="0.003" asserts="1" />
                              <test-case name="Org.BouncyCastle.Tests.Rsa3.RSA3CertTest.TestH" executed="True" result="Success" success="True" time="0.003" asserts="1" />
                              <test-case name="Org.BouncyCastle.Tests.Rsa3.RSA3CertTest.TestI" executed="True" result="Success" success="True" time="0.003" asserts="1" />
                              <test-case name="Org.BouncyCastle.Tests.Rsa3.RSA3CertTest.TestJ" executed="True" result="Success" success="True" time="0.003" asserts="1" />
                              <test-case name="Org.BouncyCastle.Tests.Rsa3.RSA3CertTest.TestL" executed="True" result="Success" success="True" time="0.003" asserts="1" />
                            </results>
                          </test-suite>
                        </results>
                      </test-suite>
                      <test-suite type="TestFixture" name="RsaTest" executed="True" result="Success" success="True" time="0.483" asserts="0">
                        <results>
                          <test-case name="Org.BouncyCastle.Tests.RsaTest.TestFunction" executed="True" result="Success" success="True" time="0.481" asserts="1" />
                        </results>
                      </test-suite>
                      <test-suite type="TestFixture" name="SeedTest" executed="True" result="Success" success="True" time="0.008" asserts="0">
                        <results>
                          <test-case name="Org.BouncyCastle.Tests.SeedTest.TestCiphers" executed="True" result="Success" success="True" time="0.003" asserts="0" />
                          <test-case name="Org.BouncyCastle.Tests.SeedTest.TestOids" executed="True" result="Success" success="True" time="0.001" asserts="0" />
                          <test-case name="Org.BouncyCastle.Tests.SeedTest.TestWrap" executed="True" result="Success" success="True" time="0.000" asserts="0" />
                          <test-case name="Org.BouncyCastle.Tests.SeedTest.TestWrapOids" executed="True" result="Success" success="True" time="0.000" asserts="0" />
                        </results>
                      </test-suite>
                      <test-suite type="TestFixture" name="SigTest" executed="True" result="Success" success="True" time="0.136" asserts="0">
                        <results>
                          <test-case name="Org.BouncyCastle.Tests.SigTest.TestFunction" executed="True" result="Success" success="True" time="0.135" asserts="1" />
                        </results>
                      </test-suite>
                      <test-suite type="TestFixture" name="WrapTest" executed="True" result="Success" success="True" time="0.028" asserts="0">
                        <results>
                          <test-case name="Org.BouncyCastle.Tests.WrapTest.TestFunction" executed="True" result="Success" success="True" time="0.028" asserts="1" />
                        </results>
                      </test-suite>
                      <test-suite type="TestFixture" name="X509CertificatePairTest" executed="True" result="Success" success="True" time="0.008" asserts="0">
                        <results>
                          <test-case name="Org.BouncyCastle.Tests.X509CertificatePairTest.TestFunction" executed="True" result="Success" success="True" time="0.008" asserts="1" />
                        </results>
                      </test-suite>
                      <test-suite type="TestFixture" name="X509StoreTest" executed="True" result="Success" success="True" time="0.013" asserts="0">
                        <results>
                          <test-case name="Org.BouncyCastle.Tests.X509StoreTest.TestFunction" executed="True" result="Success" success="True" time="0.012" asserts="1" />
                        </results>
                      </test-suite>
                    </results>
                  </test-suite>
                  <test-suite type="Namespace" name="Tsp" executed="True" result="Success" success="True" time="0.421" asserts="0">
                    <results>
                      <test-suite type="Namespace" name="Tests" executed="True" result="Success" success="True" time="0.421" asserts="0">
                        <results>
                          <test-suite type="TestFixture" name="GenTimeAccuracyUnitTest" executed="True" result="Success" success="True" time="0.014" asserts="0">
                            <results>
                              <test-case name="Org.BouncyCastle.Tsp.Tests.GenTimeAccuracyUnitTest.TestNullNullNull" executed="True" result="Success" success="True" time="0.004" asserts="4" />
                              <test-case name="Org.BouncyCastle.Tsp.Tests.GenTimeAccuracyUnitTest.TestOneNullOne" executed="True" result="Success" success="True" time="0.000" asserts="4" />
                              <test-case name="Org.BouncyCastle.Tsp.Tests.GenTimeAccuracyUnitTest.TestOneTwoThree" executed="True" result="Success" success="True" time="0.001" asserts="4" />
                              <test-case name="Org.BouncyCastle.Tsp.Tests.GenTimeAccuracyUnitTest.TestThreeTwoNull" executed="True" result="Success" success="True" time="0.000" asserts="4" />
                              <test-case name="Org.BouncyCastle.Tsp.Tests.GenTimeAccuracyUnitTest.TestThreeTwoOne" executed="True" result="Success" success="True" time="0.000" asserts="4" />
                              <test-case name="Org.BouncyCastle.Tsp.Tests.GenTimeAccuracyUnitTest.TestTwoThreeTwo" executed="True" result="Success" success="True" time="0.001" asserts="4" />
                              <test-case name="Org.BouncyCastle.Tsp.Tests.GenTimeAccuracyUnitTest.TestZeroNullNull" executed="True" result="Success" success="True" time="0.001" asserts="4" />
                              <test-case name="Org.BouncyCastle.Tsp.Tests.GenTimeAccuracyUnitTest.TestZeroTwoThree" executed="True" result="Success" success="True" time="0.001" asserts="4" />
                            </results>
                          </test-suite>
                          <test-suite type="TestFixture" name="ParseTest" executed="True" result="Success" success="True" time="0.051" asserts="0">
                            <results>
                              <test-case name="Org.BouncyCastle.Tsp.Tests.ParseTest.TestGeneralizedTime" executed="True" result="Success" success="True" time="0.014" asserts="0" />
                              <test-case name="Org.BouncyCastle.Tsp.Tests.ParseTest.TestMD5" executed="True" result="Success" success="True" time="0.020" asserts="3" />
                              <test-case name="Org.BouncyCastle.Tsp.Tests.ParseTest.TestRipeMD160" executed="True" result="Success" success="True" time="0.001" asserts="3" />
                              <test-case name="Org.BouncyCastle.Tsp.Tests.ParseTest.TestSha1" executed="True" result="Success" success="True" time="0.003" asserts="6" />
                              <test-case name="Org.BouncyCastle.Tsp.Tests.ParseTest.TestUnacceptable" executed="True" result="Success" success="True" time="0.002" asserts="0" />
                              <test-case name="Org.BouncyCastle.Tsp.Tests.ParseTest.TestV2SigningResponseParse" executed="True" result="Success" success="True" time="0.007" asserts="0" />
                            </results>
                          </test-suite>
                          <test-suite type="TestFixture" name="TimeStampTokenInfoUnitTest" executed="True" result="Success" success="True" time="0.010" asserts="0">
                            <results>
                              <test-case name="Org.BouncyCastle.Tsp.Tests.TimeStampTokenInfoUnitTest.TestTstInfo1" executed="True" result="Success" success="True" time="0.004" asserts="9" />
                              <test-case name="Org.BouncyCastle.Tsp.Tests.TimeStampTokenInfoUnitTest.TestTstInfo2" executed="True" result="Success" success="True" time="0.002" asserts="10" />
                              <test-case name="Org.BouncyCastle.Tsp.Tests.TimeStampTokenInfoUnitTest.TestTstInfo3" executed="True" result="Success" success="True" time="0.001" asserts="11" />
                              <test-case name="Org.BouncyCastle.Tsp.Tests.TimeStampTokenInfoUnitTest.TestTstInfoDudDate" executed="True" result="Success" success="True" time="0.001" asserts="0" />
                            </results>
                          </test-suite>
                          <test-suite type="TestFixture" name="TspTest" executed="True" result="Success" success="True" time="0.344" asserts="0">
                            <results>
                              <test-case name="Org.BouncyCastle.Tsp.Tests.TspTest.TestAccuracyWithCertsAndOrdering" executed="True" result="Success" success="True" time="0.023" asserts="9" />
                              <test-case name="Org.BouncyCastle.Tsp.Tests.TspTest.TestAccuracyZeroCerts" executed="True" result="Success" success="True" time="0.010" asserts="6" />
                              <test-case name="Org.BouncyCastle.Tsp.Tests.TspTest.TestBadAlgorithm" executed="True" result="Success" success="True" time="0.002" asserts="0" />
                              <test-case name="Org.BouncyCastle.Tsp.Tests.TspTest.TestBadPolicy" executed="True" result="Success" success="True" time="0.002" asserts="0" />
                              <test-case name="Org.BouncyCastle.Tsp.Tests.TspTest.TestBasic" executed="True" result="Success" success="True" time="0.010" asserts="1" />
                              <test-case name="Org.BouncyCastle.Tsp.Tests.TspTest.TestCertReq" executed="True" result="Success" success="True" time="0.010" asserts="2" />
                              <test-case name="Org.BouncyCastle.Tsp.Tests.TspTest.TestIncorrectHash" executed="True" result="Success" success="True" time="0.001" asserts="0" />
                              <test-case name="Org.BouncyCastle.Tsp.Tests.TspTest.TestNoNonce" executed="True" result="Success" success="True" time="0.009" asserts="7" />
                              <test-case name="Org.BouncyCastle.Tsp.Tests.TspTest.TestResponseValidation" executed="True" result="Success" success="True" time="0.011" asserts="0" />
                              <test-case name="Org.BouncyCastle.Tsp.Tests.TspTest.TestTimeNotAvailable" executed="True" result="Success" success="True" time="0.002" asserts="0" />
                              <test-case name="Org.BouncyCastle.Tsp.Tests.TspTest.TestTokenEncoding" executed="True" result="Success" success="True" time="0.009" asserts="0" />
                            </results>
                          </test-suite>
                        </results>
                      </test-suite>
                    </results>
                  </test-suite>
                  <test-suite type="Namespace" name="Utilities" executed="True" result="Success" success="True" time="0.011" asserts="0">
                    <results>
                      <test-suite type="Namespace" name="IO" executed="True" result="Success" success="True" time="0.004" asserts="0">
                        <results>
                          <test-suite type="Namespace" name="Pem" executed="True" result="Success" success="True" time="0.004" asserts="0">
                            <results>
                              <test-suite type="Namespace" name="Tests" executed="True" result="Success" success="True" time="0.004" asserts="0">
                                <results>
                                  <test-suite type="TestFixture" name="AllTests" executed="True" result="Success" success="True" time="0.004" asserts="0">
                                    <results>
                                      <test-case name="Org.BouncyCastle.Utilities.IO.Pem.Tests.AllTests.TestPemLength" executed="True" result="Success" success="True" time="0.003" asserts="68" />
                                    </results>
                                  </test-suite>
                                </results>
                              </test-suite>
                            </results>
                          </test-suite>
                        </results>
                      </test-suite>
                      <test-suite type="Namespace" name="Net" executed="True" result="Success" success="True" time="0.004" asserts="0">
                        <results>
                          <test-suite type="Namespace" name="Tests" executed="True" result="Success" success="True" time="0.004" asserts="0">
                            <results>
                              <test-suite type="TestFixture" name="IPTest" executed="True" result="Success" success="True" time="0.004" asserts="0">
                                <results>
                                  <test-case name="Org.BouncyCastle.Utilities.Net.Tests.IPTest.TestIPv4" executed="True" result="Success" success="True" time="0.002" asserts="0" />
                                  <test-case name="Org.BouncyCastle.Utilities.Net.Tests.IPTest.TestIPv6" executed="True" result="Success" success="True" time="0.001" asserts="0" />
                                </results>
                              </test-suite>
                            </results>
                          </test-suite>
                        </results>
                      </test-suite>
                    </results>
                  </test-suite>
                  <test-suite type="Namespace" name="X509" executed="True" result="Success" success="True" time="0.061" asserts="0">
                    <results>
                      <test-suite type="Namespace" name="Tests" executed="True" result="Success" success="True" time="0.061" asserts="0">
                        <results>
                          <test-suite type="TestFixture" name="TestCertificateGen" executed="True" result="Success" success="True" time="0.060" asserts="0">
                            <results>
                              <test-case name="Org.BouncyCastle.X509.Tests.TestCertificateGen.TestCertLoading" executed="True" result="Success" success="True" time="0.004" asserts="12" />
                              <test-case name="Org.BouncyCastle.X509.Tests.TestCertificateGen.TestCreationDSA" executed="True" result="Success" success="True" time="0.005" asserts="0" />
                              <test-case name="Org.BouncyCastle.X509.Tests.TestCertificateGen.TestCreationECDSA" executed="True" result="Success" success="True" time="0.030" asserts="0" />
                              <test-case name="Org.BouncyCastle.X509.Tests.TestCertificateGen.TestCreationRSA" executed="True" result="Success" success="True" time="0.010" asserts="0" />
                              <test-case name="Org.BouncyCastle.X509.Tests.TestCertificateGen.TestRsaDigestSigner" executed="True" result="Success" success="True" time="0.009" asserts="1" />
                            </results>
                          </test-suite>
                        </results>
                      </test-suite>
                    </results>
                  </test-suite>
                </results>
              </test-suite>
            </results>
          </test-suite>
        </results>
      </test-suite>
    </results>
  </test-suite>
</test-results>